2013-11-19 16:20:37,810 INFO [cn.com.emrs.impl.SaveActionImpl] - save action success ! save 1 rows datas
2013-11-19 20:01:18,313 INFO [cn.com.emrs.ui.AddUIFrame] - Init UI ...
2013-11-19 20:01:18,411 INFO [cn.com.emrs.ui.AddUIFrame] - UI init successful !
2013-11-20 10:25:47,634 INFO [cn.com.emrs.ui.AddUIFrame] - Init UI ...
2013-11-20 10:25:47,718 INFO [cn.com.emrs.ui.AddUIFrame] - UI init successful !
2013-11-20 10:25:55,112 INFO [cn.com.emrs.ui.AddUIFrame] - Saving datas...
2013-11-20 10:25:55,343 INFO [cn.com.emrs.impl.SaveActionImpl] - Insert action starting ...
2013-11-20 10:25:55,413 INFO [cn.com.emrs.impl.SaveActionImpl] - Save action success ! save 1 rows datas
2013-11-20 10:25:55,417 INFO [cn.com.emrs.impl.SaveActionImpl] - Connection closed successful !
2013-11-20 14:07:49,618 INFO [cn.com.emrs.ui.AddUIFrame] - Init UI ...
2013-11-20 14:07:49,705 INFO [cn.com.emrs.ui.AddUIFrame] - UI init successful !
2013-11-20 14:33:03,202 INFO [cn.com.emrs.ui.AddUIFrame] - Init UI ...
2013-11-20 14:33:03,281 INFO [cn.com.emrs.ui.AddUIFrame] - UI init successful !
2013-11-20 14:43:17,208 INFO [cn.com.emrs.ui.AddUIFrame] - Init UI ...
2013-11-20 14:43:17,288 INFO [cn.com.emrs.ui.AddUIFrame] - UI init successful !
2013-11-20 14:47:22,714 INFO [cn.com.emrs.ui.QueryUIFrame] - Init queryUI...
2013-11-20 14:47:22,715 INFO [cn.com.emrs.ui.QueryUIFrame] - QueryUI init successful !
2013-11-20 14:48:14,191 INFO [cn.com.emrs.ui.QueryUIFrame] - Init queryUI...
2013-11-20 14:48:14,199 INFO [cn.com.emrs.ui.QueryUIFrame] - QueryUI init successful !
2013-11-20 15:07:10,384 INFO [cn.com.emrs.ui.QueryUIFrame] - Init queryUI...
2013-11-20 15:07:10,391 INFO [cn.com.emrs.ui.QueryUIFrame] - QueryUI init successful !
2013-11-20 15:09:37,543 INFO [cn.com.emrs.ui.QueryUIFrame] - Init queryUI...
2013-11-20 15:09:37,549 INFO [cn.com.emrs.ui.QueryUIFrame] - QueryUI init successful !
2013-11-20 15:10:47,494 INFO [cn.com.emrs.ui.QueryUIFrame] - Init queryUI...
2013-11-20 15:10:47,501 INFO [cn.com.emrs.ui.QueryUIFrame] - QueryUI init successful !
2013-11-20 15:12:16,127 INFO [cn.com.emrs.ui.AddUIFrame] - Init UI ...
2013-11-20 15:12:16,220 INFO [cn.com.emrs.ui.AddUIFrame] - UI init successful !
2013-11-20 15:13:10,075 INFO [cn.com.emrs.ui.QueryUIFrame] - Init queryUI...
2013-11-20 15:13:10,086 INFO [cn.com.emrs.ui.QueryUIFrame] - QueryUI init successful !
2013-11-20 15:20:59,325 INFO [cn.com.emrs.ui.QueryUIFrame] - Init queryUI...
2013-11-20 15:20:59,335 INFO [cn.com.emrs.ui.QueryUIFrame] - QueryUI init successful !
2013-11-20 15:21:02,051 INFO [cn.com.emrs.ui.AddUIFrame] - Init UI ...
2013-11-20 15:21:02,161 INFO [cn.com.emrs.ui.AddUIFrame] - UI init successful !
2013-11-20 15:22:47,154 INFO [cn.com.emrs.ui.AddUIFrame] - Init UI ...
2013-11-20 15:22:47,238 INFO [cn.com.emrs.ui.AddUIFrame] - UI init successful !
2013-11-20 15:22:55,624 INFO [cn.com.emrs.ui.QueryUIFrame] - Init queryUI...
2013-11-20 15:22:55,645 INFO [cn.com.emrs.ui.QueryUIFrame] - QueryUI init successful !
2013-11-20 15:22:58,102 INFO [cn.com.emrs.ui.AddUIFrame] - Init UI ...
2013-11-20 15:22:58,160 INFO [cn.com.emrs.ui.AddUIFrame] - UI init successful !
2013-11-20 15:23:00,412 INFO [cn.com.emrs.ui.QueryUIFrame] - Init queryUI...
2013-11-20 15:23:00,427 INFO [cn.com.emrs.ui.QueryUIFrame] - QueryUI init successful !
2013-11-20 15:23:02,940 INFO [cn.com.emrs.ui.AddUIFrame] - Init UI ...
2013-11-20 15:23:02,984 INFO [cn.com.emrs.ui.AddUIFrame] - UI init successful !
2013-11-20 15:24:31,532 INFO [cn.com.emrs.ui.AddUIFrame] - Init UI ...
2013-11-20 15:24:31,574 INFO [cn.com.emrs.ui.AddUIFrame] - UI init successful !
2013-11-20 15:24:33,621 INFO [cn.com.emrs.ui.QueryUIFrame] - Init queryUI...
2013-11-20 15:24:33,635 INFO [cn.com.emrs.ui.QueryUIFrame] - QueryUI init successful !
2013-11-20 15:24:40,653 INFO [cn.com.emrs.ui.QueryUIFrame] - Init queryUI...
2013-11-20 15:24:40,667 INFO [cn.com.emrs.ui.QueryUIFrame] - QueryUI init successful !
2013-11-21 16:32:57,962 INFO [cn.com.emrs.ui.QueryUIFrame] - Init queryUI...
2013-11-21 16:33:28,996 INFO [cn.com.emrs.ui.QueryUIFrame] - Init queryUI...
2013-11-21 16:33:29,092 INFO [cn.com.emrs.ui.QueryUIFrame] - QueryUI init successful !
2013-11-21 16:34:45,845 INFO [cn.com.emrs.ui.AddUIFrame] - Init UI ...
2013-11-21 16:34:45,956 INFO [cn.com.emrs.ui.AddUIFrame] - UI init successful !
2013-11-21 16:35:14,834 INFO [cn.com.emrs.ui.QueryUIFrame] - Init queryUI...
2013-11-21 16:35:14,898 INFO [cn.com.emrs.ui.QueryUIFrame] - QueryUI init successful !
2013-11-21 16:38:07,267 INFO [cn.com.emrs.ui.QueryUIFrame] - Init queryUI...
2013-11-21 16:38:07,393 INFO [cn.com.emrs.ui.QueryUIFrame] - QueryUI init successful !
2013-11-21 16:39:53,145 INFO [cn.com.emrs.ui.QueryUIFrame] - Init queryUI...
2013-11-21 16:39:53,194 INFO [cn.com.emrs.ui.QueryUIFrame] - QueryUI init successful !
2013-11-21 16:42:51,895 INFO [cn.com.emrs.ui.QueryUIFrame] - Init queryUI...
2013-11-21 16:42:51,960 INFO [cn.com.emrs.ui.QueryUIFrame] - QueryUI init successful !
2013-11-21 16:44:55,681 INFO [cn.com.emrs.ui.QueryUIFrame] - Init queryUI...
2013-11-21 16:44:55,730 INFO [cn.com.emrs.ui.QueryUIFrame] - QueryUI init successful !
2013-11-21 16:47:31,001 INFO [cn.com.emrs.ui.QueryUIFrame] - Init queryUI...
2013-11-21 16:47:31,049 INFO [cn.com.emrs.ui.QueryUIFrame] - QueryUI init successful !
2013-11-21 16:50:16,538 INFO [cn.com.emrs.ui.QueryUIFrame] - Init queryUI...
2013-11-21 16:50:16,602 INFO [cn.com.emrs.ui.QueryUIFrame] - QueryUI init successful !
2013-11-21 16:51:36,150 INFO [cn.com.emrs.ui.QueryUIFrame] - Init queryUI...
2013-11-21 18:29:38,437 INFO [cn.com.emrs.ui.QueryUIFrame] - Init queryUI...
2013-11-21 18:29:38,486 INFO [cn.com.emrs.ui.QueryUIFrame] - QueryUI init successful !
2013-11-21 18:31:44,116 INFO [cn.com.emrs.ui.QueryUIFrame] - Init queryUI...
2013-11-21 18:31:44,165 INFO [cn.com.emrs.ui.QueryUIFrame] - QueryUI init successful !
2013-11-21 18:32:03,948 INFO [cn.com.emrs.ui.QueryUIFrame] - Init queryUI...
2013-11-21 18:32:03,997 INFO [cn.com.emrs.ui.QueryUIFrame] - QueryUI init successful !
2013-11-21 18:38:27,118 INFO [cn.com.emrs.ui.QueryUIFrame] - Init queryUI...
2013-11-21 18:38:27,167 INFO [cn.com.emrs.ui.QueryUIFrame] - QueryUI init successful !
2013-11-21 18:47:39,748 INFO [cn.com.emrs.ui.QueryUIFrame] - Init queryUI...
2013-11-21 18:47:39,797 INFO [cn.com.emrs.ui.QueryUIFrame] - QueryUI init successful !
2013-11-21 18:48:22,452 INFO [cn.com.emrs.ui.QueryUIFrame] - Init queryUI...
2013-11-21 18:48:22,548 INFO [cn.com.emrs.ui.QueryUIFrame] - QueryUI init successful !
2013-11-21 18:49:40,550 INFO [cn.com.emrs.ui.QueryUIFrame] - Init queryUI...
2013-11-21 18:49:40,615 INFO [cn.com.emrs.ui.QueryUIFrame] - QueryUI init successful !
2013-11-21 18:58:01,529 INFO [cn.com.emrs.ui.QueryUIFrame] - Init queryUI...
2013-11-21 19:00:19,467 INFO [cn.com.emrs.ui.QueryUIFrame] - Init queryUI...
2013-11-21 19:00:51,438 INFO [cn.com.emrs.ui.QueryUIFrame] - Init queryUI...
2013-11-21 19:00:51,502 INFO [cn.com.emrs.ui.QueryUIFrame] - QueryUI init successful !
2013-11-21 19:01:21,316 INFO [cn.com.emrs.ui.QueryUIFrame] - Init queryUI...
2013-11-21 19:01:21,365 INFO [cn.com.emrs.ui.QueryUIFrame] - QueryUI init successful !
2013-11-21 19:27:05,585 INFO [cn.com.emrs.ui.QueryUIFrame] - Init queryUI...
2013-11-21 19:27:05,649 INFO [cn.com.emrs.ui.QueryUIFrame] - QueryUI init successful !
2013-11-21 19:34:49,892 INFO [cn.com.emrs.ui.QueryUIFrame] - Init queryUI...
2013-11-21 19:34:49,908 INFO [cn.com.emrs.ui.QueryUIFrame] - QueryUI init successful !
2013-11-21 19:35:53,672 INFO [cn.com.emrs.ui.QueryUIFrame] - Init queryUI...
2013-11-21 19:35:53,721 INFO [cn.com.emrs.ui.QueryUIFrame] - QueryUI init successful !
2013-11-21 19:36:22,472 INFO [cn.com.emrs.ui.QueryUIFrame] - Init queryUI...
2013-11-21 19:36:22,503 INFO [cn.com.emrs.ui.QueryUIFrame] - QueryUI init successful !
2013-11-21 20:18:55,729 INFO [cn.com.emrs.ui.QueryUIFrame] - Init queryUI...
2013-11-21 20:18:55,801 INFO [cn.com.emrs.ui.QueryUIFrame] - QueryUI init successful !
2013-11-21 20:25:36,676 INFO [cn.com.emrs.ui.QueryUIFrame] - Init queryUI...
2013-11-21 20:25:37,163 INFO [cn.com.emrs.ui.QueryUIFrame] - QueryUI init successful !
2013-11-21 20:42:18,849 INFO [cn.com.emrs.ui.QueryUIFrame] - Init queryUI...
2013-11-21 20:42:18,945 INFO [cn.com.emrs.ui.QueryUIFrame] - QueryUI init successful !
2013-11-21 20:43:28,149 INFO [cn.com.emrs.ui.QueryUIFrame] - Init queryUI...
2013-11-21 20:43:28,229 INFO [cn.com.emrs.ui.QueryUIFrame] - QueryUI init successful !
2013-11-21 20:44:14,922 INFO [cn.com.emrs.ui.QueryUIFrame] - Init queryUI...
2013-11-21 20:44:14,998 INFO [cn.com.emrs.ui.QueryUIFrame] - QueryUI init successful !
2013-11-21 20:45:05,295 INFO [cn.com.emrs.ui.QueryUIFrame] - Init queryUI...
2013-11-21 20:45:05,359 INFO [cn.com.emrs.ui.QueryUIFrame] - QueryUI init successful !
2013-11-21 20:45:29,292 INFO [cn.com.emrs.ui.QueryUIFrame] - Init queryUI...
2013-11-21 20:45:29,356 INFO [cn.com.emrs.ui.QueryUIFrame] - QueryUI init successful !
2013-11-21 20:45:45,583 INFO [cn.com.emrs.ui.QueryUIFrame] - Init queryUI...
2013-11-21 20:45:45,663 INFO [cn.com.emrs.ui.QueryUIFrame] - QueryUI init successful !
2013-11-21 20:46:26,022 INFO [cn.com.emrs.ui.QueryUIFrame] - Init queryUI...
2013-11-21 20:46:26,092 INFO [cn.com.emrs.ui.QueryUIFrame] - QueryUI init successful !
2013-12-02 13:40:08,682 INFO [cn.com.emrs.ui.QueryUIFrame] - Init queryUI...
2013-12-02 13:40:21,646 INFO [cn.com.emrs.ui.QueryUIFrame] - QueryUI init successful !
2013-12-02 13:42:35,792 INFO [cn.com.emrs.ui.QueryUIFrame] - Init queryUI...
2013-12-02 13:42:39,327 INFO [cn.com.emrs.ui.QueryUIFrame] - QueryUI init successful !
2013-12-02 13:45:55,946 INFO [cn.com.emrs.impl.QueryActionImpl] - Query connect succeess !
2013-12-02 13:45:55,977 INFO [cn.com.emrs.impl.QueryActionImpl] - Query failed : select * from em_record  where 
2013-12-02 13:45:55,988 ERROR [cn.com.emrs.impl.QueryActionImpl] - QueryException :
com.mysql.jdbc.exceptions.jdbc4.MySQLSyntaxErrorException: You have an error in your SQL syntax; check the manual that corresponds to your MySQL server version for the right syntax to use near '' at line 1
	at sun.reflect.NativeConstructorAccessorImpl.newInstance0(Native Method)
	at sun.reflect.NativeConstructorAccessorImpl.newInstance(NativeConstructorAccessorImpl.java:39)
	at sun.reflect.DelegatingConstructorAccessorImpl.newInstance(DelegatingConstructorAccessorImpl.java:27)
	at java.lang.reflect.Constructor.newInstance(Constructor.java:513)
	at com.mysql.jdbc.Util.handleNewInstance(Util.java:403)
	at com.mysql.jdbc.Util.getInstance(Util.java:378)
	at com.mysql.jdbc.SQLError.createSQLException(SQLError.java:1031)
	at com.mysql.jdbc.SQLError.createSQLException(SQLError.java:957)
	at com.mysql.jdbc.MysqlIO.checkErrorPacket(MysqlIO.java:3361)
	at com.mysql.jdbc.MysqlIO.checkErrorPacket(MysqlIO.java:3295)
	at com.mysql.jdbc.MysqlIO.sendCommand(MysqlIO.java:1852)
	at com.mysql.jdbc.MysqlIO.sqlQueryDirect(MysqlIO.java:1975)
	at com.mysql.jdbc.ConnectionImpl.execSQL(ConnectionImpl.java:2470)
	at com.mysql.jdbc.ConnectionImpl.execSQL(ConnectionImpl.java:2399)
	at com.mysql.jdbc.StatementImpl.executeQuery(StatementImpl.java:1218)
	at cn.com.emrs.impl.QueryActionImpl.doQuery(QueryActionImpl.java:34)
	at cn.com.emrs.ui.QueryUIFrame.actionPerformed(QueryUIFrame.java:184)
	at javax.swing.AbstractButton.fireActionPerformed(AbstractButton.java:1995)
	at javax.swing.AbstractButton$Handler.actionPerformed(AbstractButton.java:2318)
	at javax.swing.DefaultButtonModel.fireActionPerformed(DefaultButtonModel.java:387)
	at javax.swing.DefaultButtonModel.setPressed(DefaultButtonModel.java:242)
	at javax.swing.plaf.basic.BasicButtonListener.mouseReleased(BasicButtonListener.java:236)
	at java.awt.Component.processMouseEvent(Component.java:6038)
	at javax.swing.JComponent.processMouseEvent(JComponent.java:3260)
	at java.awt.Component.processEvent(Component.java:5803)
	at java.awt.Container.processEvent(Container.java:2058)
	at java.awt.Component.dispatchEventImpl(Component.java:4410)
	at java.awt.Container.dispatchEventImpl(Container.java:2116)
	at java.awt.Component.dispatchEvent(Component.java:4240)
	at java.awt.LightweightDispatcher.retargetMouseEvent(Container.java:4322)
	at java.awt.LightweightDispatcher.processMouseEvent(Container.java:3986)
	at java.awt.LightweightDispatcher.dispatchEvent(Container.java:3916)
	at java.awt.Container.dispatchEventImpl(Container.java:2102)
	at java.awt.Window.dispatchEventImpl(Window.java:2429)
	at java.awt.Component.dispatchEvent(Component.java:4240)
	at java.awt.EventQueue.dispatchEvent(EventQueue.java:599)
	at java.awt.EventDispatchThread.pumpOneEventForFilters(EventDispatchThread.java:273)
	at java.awt.EventDispatchThread.pumpEventsForFilter(EventDispatchThread.java:183)
	at java.awt.EventDispatchThread.pumpEventsForHierarchy(EventDispatchThread.java:173)
	at java.awt.EventDispatchThread.pumpEvents(EventDispatchThread.java:168)
	at java.awt.EventDispatchThread.pumpEvents(EventDispatchThread.java:160)
	at java.awt.EventDispatchThread.run(EventDispatchThread.java:121)
2013-12-02 13:45:56,000 INFO [cn.com.emrs.impl.QueryActionImpl] - Connection closed .
2013-12-02 13:47:40,493 INFO [cn.com.emrs.impl.QueryActionImpl] - Query connect succeess !
2013-12-02 14:07:52,693 INFO [cn.com.emrs.impl.QueryActionImpl] - Query connect succeess !
2013-12-02 14:10:00,344 INFO [cn.com.emrs.impl.QueryActionImpl] - Query connect succeess !
2013-12-02 14:12:34,688 INFO [cn.com.emrs.ui.QueryUIFrame] - Init queryUI...
2013-12-02 14:12:34,780 INFO [cn.com.emrs.ui.QueryUIFrame] - QueryUI init successful !
2013-12-02 14:12:50,859 INFO [cn.com.emrs.impl.QueryActionImpl] - Query connect succeess !
2013-12-02 14:14:44,331 INFO [cn.com.emrs.impl.QueryActionImpl] - Query connect succeess !
2013-12-02 14:15:32,022 INFO [cn.com.emrs.impl.QueryActionImpl] - Connection closed .
2013-12-02 14:31:21,973 INFO [cn.com.emrs.impl.QueryActionImpl] - Query connect succeess !
2013-12-02 14:31:49,146 INFO [cn.com.emrs.ui.QueryUIFrame] - Init queryUI...
2013-12-02 14:31:49,229 INFO [cn.com.emrs.ui.QueryUIFrame] - QueryUI init successful !
2013-12-02 14:32:08,514 INFO [cn.com.emrs.impl.QueryActionImpl] - Query connect succeess !
2013-12-02 14:34:25,905 INFO [cn.com.emrs.impl.QueryActionImpl] - Query connect succeess !
2013-12-02 14:35:51,969 INFO [cn.com.emrs.impl.QueryActionImpl] - Connection closed .
2013-12-02 14:40:55,133 INFO [cn.com.emrs.impl.QueryActionImpl] - Query connect succeess !
2013-12-02 14:40:55,144 INFO [cn.com.emrs.impl.QueryActionImpl] - Connection closed .
2013-12-02 14:42:31,644 INFO [cn.com.emrs.impl.QueryActionImpl] - Query connect succeess !
2013-12-02 14:42:31,646 INFO [cn.com.emrs.impl.QueryActionImpl] - Connection closed .
2013-12-02 14:43:07,285 INFO [cn.com.emrs.impl.QueryActionImpl] - Query connect succeess !
2013-12-02 14:43:07,287 INFO [cn.com.emrs.impl.QueryActionImpl] - Connection closed .
2013-12-02 14:45:27,499 INFO [cn.com.emrs.impl.QueryActionImpl] - Query connect succeess !
2013-12-02 14:45:27,595 INFO [cn.com.emrs.impl.QueryActionImpl] - Connection closed .
2013-12-02 14:46:29,034 INFO [cn.com.emrs.impl.QueryActionImpl] - Query connect succeess !
2013-12-02 14:46:29,063 INFO [cn.com.emrs.impl.QueryActionImpl] - Connection closed .
2013-12-02 14:46:40,320 INFO [cn.com.emrs.impl.QueryActionImpl] - Query connect succeess !
2013-12-02 14:46:40,321 INFO [cn.com.emrs.impl.QueryActionImpl] - Connection closed .
2013-12-02 14:46:41,536 INFO [cn.com.emrs.impl.QueryActionImpl] - Query connect succeess !
2013-12-02 14:46:41,537 INFO [cn.com.emrs.impl.QueryActionImpl] - Connection closed .
2013-12-02 14:46:41,947 INFO [cn.com.emrs.impl.QueryActionImpl] - Query connect succeess !
2013-12-02 14:46:41,948 INFO [cn.com.emrs.impl.QueryActionImpl] - Connection closed .
2013-12-02 14:46:42,128 INFO [cn.com.emrs.impl.QueryActionImpl] - Query connect succeess !
2013-12-02 14:46:42,129 INFO [cn.com.emrs.impl.QueryActionImpl] - Connection closed .
2013-12-02 14:46:42,312 INFO [cn.com.emrs.impl.QueryActionImpl] - Query connect succeess !
2013-12-02 14:46:42,313 INFO [cn.com.emrs.impl.QueryActionImpl] - Connection closed .
2013-12-02 14:46:57,823 INFO [cn.com.emrs.impl.QueryActionImpl] - Query connect succeess !
2013-12-02 14:46:57,825 INFO [cn.com.emrs.impl.QueryActionImpl] - Connection closed .
2013-12-02 14:46:58,819 INFO [cn.com.emrs.impl.QueryActionImpl] - Query connect succeess !
2013-12-02 14:46:58,820 INFO [cn.com.emrs.impl.QueryActionImpl] - Connection closed .
2013-12-02 14:46:59,002 INFO [cn.com.emrs.impl.QueryActionImpl] - Query connect succeess !
2013-12-02 14:46:59,003 INFO [cn.com.emrs.impl.QueryActionImpl] - Connection closed .
2013-12-02 14:47:04,970 INFO [cn.com.emrs.impl.QueryActionImpl] - Query connect succeess !
2013-12-02 14:47:04,972 INFO [cn.com.emrs.impl.QueryActionImpl] - Connection closed .
2013-12-02 14:47:08,078 INFO [cn.com.emrs.impl.QueryActionImpl] - Query connect succeess !
2013-12-02 14:47:08,079 INFO [cn.com.emrs.impl.QueryActionImpl] - Connection closed .
2013-12-02 14:49:41,378 INFO [cn.com.emrs.impl.QueryActionImpl] - Query connect succeess !
2013-12-02 14:49:41,380 INFO [cn.com.emrs.impl.QueryActionImpl] - Query failed : select * from em_record  where  and billdate <= '2013-12-01' 
2013-12-02 14:49:41,382 ERROR [cn.com.emrs.impl.QueryActionImpl] - QueryException :
com.mysql.jdbc.exceptions.jdbc4.MySQLSyntaxErrorException: You have an error in your SQL syntax; check the manual that corresponds to your MySQL server version for the right syntax to use near 'and billdate <= '2013-12-01'' at line 1
	at sun.reflect.NativeConstructorAccessorImpl.newInstance0(Native Method)
	at sun.reflect.NativeConstructorAccessorImpl.newInstance(NativeConstructorAccessorImpl.java:39)
	at sun.reflect.DelegatingConstructorAccessorImpl.newInstance(DelegatingConstructorAccessorImpl.java:27)
	at java.lang.reflect.Constructor.newInstance(Constructor.java:513)
	at com.mysql.jdbc.Util.handleNewInstance(Util.java:403)
	at com.mysql.jdbc.Util.getInstance(Util.java:378)
	at com.mysql.jdbc.SQLError.createSQLException(SQLError.java:1031)
	at com.mysql.jdbc.SQLError.createSQLException(SQLError.java:957)
	at com.mysql.jdbc.MysqlIO.checkErrorPacket(MysqlIO.java:3361)
	at com.mysql.jdbc.MysqlIO.checkErrorPacket(MysqlIO.java:3295)
	at com.mysql.jdbc.MysqlIO.sendCommand(MysqlIO.java:1852)
	at com.mysql.jdbc.MysqlIO.sqlQueryDirect(MysqlIO.java:1975)
	at com.mysql.jdbc.ConnectionImpl.execSQL(ConnectionImpl.java:2470)
	at com.mysql.jdbc.ConnectionImpl.execSQL(ConnectionImpl.java:2399)
	at com.mysql.jdbc.StatementImpl.executeQuery(StatementImpl.java:1218)
	at cn.com.emrs.impl.QueryActionImpl.doQuery(QueryActionImpl.java:37)
	at cn.com.emrs.ui.QueryUIFrame.actionPerformed(QueryUIFrame.java:184)
	at javax.swing.AbstractButton.fireActionPerformed(AbstractButton.java:1995)
	at javax.swing.AbstractButton$Handler.actionPerformed(AbstractButton.java:2318)
	at javax.swing.DefaultButtonModel.fireActionPerformed(DefaultButtonModel.java:387)
	at javax.swing.DefaultButtonModel.setPressed(DefaultButtonModel.java:242)
	at javax.swing.plaf.basic.BasicButtonListener.mouseReleased(BasicButtonListener.java:236)
	at java.awt.Component.processMouseEvent(Component.java:6038)
	at javax.swing.JComponent.processMouseEvent(JComponent.java:3260)
	at java.awt.Component.processEvent(Component.java:5803)
	at java.awt.Container.processEvent(Container.java:2058)
	at java.awt.Component.dispatchEventImpl(Component.java:4410)
	at java.awt.Container.dispatchEventImpl(Container.java:2116)
	at java.awt.Component.dispatchEvent(Component.java:4240)
	at java.awt.LightweightDispatcher.retargetMouseEvent(Container.java:4322)
	at java.awt.LightweightDispatcher.processMouseEvent(Container.java:3986)
	at java.awt.LightweightDispatcher.dispatchEvent(Container.java:3916)
	at java.awt.Container.dispatchEventImpl(Container.java:2102)
	at java.awt.Window.dispatchEventImpl(Window.java:2429)
	at java.awt.Component.dispatchEvent(Component.java:4240)
	at java.awt.EventQueue.dispatchEvent(EventQueue.java:599)
	at java.awt.EventDispatchThread.pumpOneEventForFilters(EventDispatchThread.java:273)
	at java.awt.EventDispatchThread.pumpEventsForFilter(EventDispatchThread.java:183)
	at java.awt.EventDispatchThread.pumpEventsForHierarchy(EventDispatchThread.java:173)
	at java.awt.EventDispatchThread.pumpEvents(EventDispatchThread.java:168)
	at java.awt.EventDispatchThread.pumpEvents(EventDispatchThread.java:160)
	at java.awt.EventDispatchThread.run(EventDispatchThread.java:121)
2013-12-02 14:49:41,428 INFO [cn.com.emrs.impl.QueryActionImpl] - Connection closed .
2013-12-02 14:49:45,398 INFO [cn.com.emrs.impl.QueryActionImpl] - Query connect succeess !
2013-12-02 14:49:45,399 INFO [cn.com.emrs.impl.QueryActionImpl] - Query failed : select * from em_record  where  and billdate <= '2013-12-01' 
2013-12-02 14:49:45,399 ERROR [cn.com.emrs.impl.QueryActionImpl] - QueryException :
com.mysql.jdbc.exceptions.jdbc4.MySQLSyntaxErrorException: You have an error in your SQL syntax; check the manual that corresponds to your MySQL server version for the right syntax to use near 'and billdate <= '2013-12-01'' at line 1
	at sun.reflect.NativeConstructorAccessorImpl.newInstance0(Native Method)
	at sun.reflect.NativeConstructorAccessorImpl.newInstance(NativeConstructorAccessorImpl.java:39)
	at sun.reflect.DelegatingConstructorAccessorImpl.newInstance(DelegatingConstructorAccessorImpl.java:27)
	at java.lang.reflect.Constructor.newInstance(Constructor.java:513)
	at com.mysql.jdbc.Util.handleNewInstance(Util.java:403)
	at com.mysql.jdbc.Util.getInstance(Util.java:378)
	at com.mysql.jdbc.SQLError.createSQLException(SQLError.java:1031)
	at com.mysql.jdbc.SQLError.createSQLException(SQLError.java:957)
	at com.mysql.jdbc.MysqlIO.checkErrorPacket(MysqlIO.java:3361)
	at com.mysql.jdbc.MysqlIO.checkErrorPacket(MysqlIO.java:3295)
	at com.mysql.jdbc.MysqlIO.sendCommand(MysqlIO.java:1852)
	at com.mysql.jdbc.MysqlIO.sqlQueryDirect(MysqlIO.java:1975)
	at com.mysql.jdbc.ConnectionImpl.execSQL(ConnectionImpl.java:2470)
	at com.mysql.jdbc.ConnectionImpl.execSQL(ConnectionImpl.java:2399)
	at com.mysql.jdbc.StatementImpl.executeQuery(StatementImpl.java:1218)
	at cn.com.emrs.impl.QueryActionImpl.doQuery(QueryActionImpl.java:37)
	at cn.com.emrs.ui.QueryUIFrame.actionPerformed(QueryUIFrame.java:184)
	at javax.swing.AbstractButton.fireActionPerformed(AbstractButton.java:1995)
	at javax.swing.AbstractButton$Handler.actionPerformed(AbstractButton.java:2318)
	at javax.swing.DefaultButtonModel.fireActionPerformed(DefaultButtonModel.java:387)
	at javax.swing.DefaultButtonModel.setPressed(DefaultButtonModel.java:242)
	at javax.swing.plaf.basic.BasicButtonListener.mouseReleased(BasicButtonListener.java:236)
	at java.awt.Component.processMouseEvent(Component.java:6038)
	at javax.swing.JComponent.processMouseEvent(JComponent.java:3260)
	at java.awt.Component.processEvent(Component.java:5803)
	at java.awt.Container.processEvent(Container.java:2058)
	at java.awt.Component.dispatchEventImpl(Component.java:4410)
	at java.awt.Container.dispatchEventImpl(Container.java:2116)
	at java.awt.Component.dispatchEvent(Component.java:4240)
	at java.awt.LightweightDispatcher.retargetMouseEvent(Container.java:4322)
	at java.awt.LightweightDispatcher.processMouseEvent(Container.java:3986)
	at java.awt.LightweightDispatcher.dispatchEvent(Container.java:3916)
	at java.awt.Container.dispatchEventImpl(Container.java:2102)
	at java.awt.Window.dispatchEventImpl(Window.java:2429)
	at java.awt.Component.dispatchEvent(Component.java:4240)
	at java.awt.EventQueue.dispatchEvent(EventQueue.java:599)
	at java.awt.EventDispatchThread.pumpOneEventForFilters(EventDispatchThread.java:273)
	at java.awt.EventDispatchThread.pumpEventsForFilter(EventDispatchThread.java:183)
	at java.awt.EventDispatchThread.pumpEventsForHierarchy(EventDispatchThread.java:173)
	at java.awt.EventDispatchThread.pumpEvents(EventDispatchThread.java:168)
	at java.awt.EventDispatchThread.pumpEvents(EventDispatchThread.java:160)
	at java.awt.EventDispatchThread.run(EventDispatchThread.java:121)
2013-12-02 14:49:45,400 INFO [cn.com.emrs.impl.QueryActionImpl] - Connection closed .
2013-12-02 14:53:43,160 INFO [cn.com.emrs.impl.QueryActionImpl] - Query connect succeess !
2013-12-02 14:53:43,163 INFO [cn.com.emrs.impl.QueryActionImpl] - Connection closed .
2013-12-02 14:55:12,283 INFO [cn.com.emrs.impl.QueryActionImpl] - Query connect succeess !
2013-12-02 14:55:12,284 INFO [cn.com.emrs.impl.QueryActionImpl] - Connection closed .
2013-12-02 14:55:13,040 INFO [cn.com.emrs.impl.QueryActionImpl] - Query connect succeess !
2013-12-02 14:55:13,043 INFO [cn.com.emrs.impl.QueryActionImpl] - Connection closed .
2013-12-02 14:55:13,850 INFO [cn.com.emrs.impl.QueryActionImpl] - Query connect succeess !
2013-12-02 14:55:13,851 INFO [cn.com.emrs.impl.QueryActionImpl] - Connection closed .
2013-12-02 14:55:14,017 INFO [cn.com.emrs.impl.QueryActionImpl] - Query connect succeess !
2013-12-02 14:55:14,019 INFO [cn.com.emrs.impl.QueryActionImpl] - Connection closed .
2013-12-02 14:55:14,561 INFO [cn.com.emrs.impl.QueryActionImpl] - Query connect succeess !
2013-12-02 14:55:14,562 INFO [cn.com.emrs.impl.QueryActionImpl] - Connection closed .
2013-12-02 14:55:14,739 INFO [cn.com.emrs.impl.QueryActionImpl] - Query connect succeess !
2013-12-02 14:55:14,740 INFO [cn.com.emrs.impl.QueryActionImpl] - Connection closed .
2013-12-02 14:55:14,895 INFO [cn.com.emrs.impl.QueryActionImpl] - Query connect succeess !
2013-12-02 14:55:14,898 INFO [cn.com.emrs.impl.QueryActionImpl] - Connection closed .
2013-12-02 14:55:15,065 INFO [cn.com.emrs.impl.QueryActionImpl] - Query connect succeess !
2013-12-02 14:55:15,066 INFO [cn.com.emrs.impl.QueryActionImpl] - Connection closed .
2013-12-02 14:55:33,203 INFO [cn.com.emrs.ui.AddUIFrame] - Init UI ...
2013-12-02 14:55:33,361 INFO [cn.com.emrs.ui.AddUIFrame] - UI init successful !
2013-12-02 15:04:59,507 INFO [cn.com.emrs.ui.QueryUIFrame] - Init queryUI...
2013-12-02 15:04:59,577 INFO [cn.com.emrs.ui.QueryUIFrame] - QueryUI init successful !
2013-12-02 15:05:00,992 INFO [cn.com.emrs.impl.QueryActionImpl] - Query connect succeess !
2013-12-02 15:05:00,999 INFO [cn.com.emrs.impl.QueryActionImpl] - Connection closed .
2013-12-02 15:05:38,240 INFO [cn.com.emrs.ui.QueryUIFrame] - Init queryUI...
2013-12-02 15:05:38,311 INFO [cn.com.emrs.ui.QueryUIFrame] - QueryUI init successful !
2013-12-02 15:06:15,665 INFO [cn.com.emrs.ui.QueryUIFrame] - Init queryUI...
2013-12-02 15:06:15,736 INFO [cn.com.emrs.ui.QueryUIFrame] - QueryUI init successful !
2013-12-02 15:06:23,727 INFO [cn.com.emrs.impl.QueryActionImpl] - Query connect succeess !
2013-12-02 15:06:28,336 INFO [cn.com.emrs.impl.QueryActionImpl] - Connection closed .
2013-12-02 15:11:35,988 INFO [cn.com.emrs.ui.QueryUIFrame] - Init queryUI...
2013-12-02 15:11:36,068 INFO [cn.com.emrs.ui.QueryUIFrame] - QueryUI init successful !
2013-12-02 15:11:40,010 INFO [cn.com.emrs.impl.QueryActionImpl] - Query connect succeess !
2013-12-02 15:11:40,020 INFO [cn.com.emrs.impl.QueryActionImpl] - Connection closed .
2013-12-02 15:19:03,411 INFO [cn.com.emrs.ui.QueryUIFrame] - Init queryUI...
2013-12-02 15:19:03,482 INFO [cn.com.emrs.ui.QueryUIFrame] - QueryUI init successful !
2013-12-02 15:19:09,064 INFO [cn.com.emrs.impl.QueryActionImpl] - Query connect succeess !
2013-12-02 15:19:09,072 INFO [cn.com.emrs.impl.QueryActionImpl] - Connection closed .
2013-12-02 15:23:43,187 INFO [cn.com.emrs.impl.QueryActionImpl] - Query connect succeess !
2013-12-02 15:23:43,191 INFO [cn.com.emrs.impl.QueryActionImpl] - Connection closed .
2013-12-02 15:27:30,288 INFO [cn.com.emrs.impl.QueryActionImpl] - Query connect succeess !
2013-12-02 15:27:30,289 INFO [cn.com.emrs.impl.QueryActionImpl] - Connection closed .
2013-12-02 15:27:41,952 INFO [cn.com.emrs.impl.QueryActionImpl] - Query connect succeess !
2013-12-02 15:27:41,957 INFO [cn.com.emrs.impl.QueryActionImpl] - Connection closed .
2013-12-02 16:06:37,326 INFO [cn.com.emrs.ui.QueryUIFrame] - Init queryUI...
2013-12-02 16:06:37,395 INFO [cn.com.emrs.ui.QueryUIFrame] - QueryUI init successful !
2013-12-02 16:06:38,880 INFO [cn.com.emrs.impl.QueryActionImpl] - Query connect succeess !
2013-12-02 16:06:38,888 INFO [cn.com.emrs.impl.QueryActionImpl] - Connection closed .
2013-12-03 10:38:47,906 INFO [cn.com.emrs.ui.QueryUIFrame] - Init queryUI...
2013-12-03 10:38:48,123 INFO [cn.com.emrs.ui.QueryUIFrame] - QueryUI init successful !
2013-12-03 10:38:49,788 INFO [cn.com.emrs.impl.QueryActionImpl] - Query connect succeess !
2013-12-03 10:38:49,790 INFO [cn.com.emrs.impl.QueryActionImpl] - Query failed : select * from em_record  union all select null as billcode, 总计  as billdate,null as ename, null as fixcontent, null as errorreason, null as partname, sum(partvalue) as partvalue, null as matrname, sum(matrcost) as matrcost, sum(opuvalue) as opuvalue, sum(electnum), sum(fitternum), sum(plumbernum), sum(cranum), sum(weldornum), null as starttime, sum(costtime), sum(cost), null as joiner, null as checker, null as bcut, null as bbetter, null as ts  from em_record 
2013-12-03 10:38:49,817 ERROR [cn.com.emrs.impl.QueryActionImpl] - QueryException :
com.mysql.jdbc.exceptions.jdbc4.MySQLSyntaxErrorException: Unknown column 'æ€»è®¡' in 'field list'
	at sun.reflect.NativeConstructorAccessorImpl.newInstance0(Native Method)
	at sun.reflect.NativeConstructorAccessorImpl.newInstance(NativeConstructorAccessorImpl.java:39)
	at sun.reflect.DelegatingConstructorAccessorImpl.newInstance(DelegatingConstructorAccessorImpl.java:27)
	at java.lang.reflect.Constructor.newInstance(Constructor.java:513)
	at com.mysql.jdbc.Util.handleNewInstance(Util.java:403)
	at com.mysql.jdbc.Util.getInstance(Util.java:378)
	at com.mysql.jdbc.SQLError.createSQLException(SQLError.java:1031)
	at com.mysql.jdbc.SQLError.createSQLException(SQLError.java:957)
	at com.mysql.jdbc.MysqlIO.checkErrorPacket(MysqlIO.java:3361)
	at com.mysql.jdbc.MysqlIO.checkErrorPacket(MysqlIO.java:3295)
	at com.mysql.jdbc.MysqlIO.sendCommand(MysqlIO.java:1852)
	at com.mysql.jdbc.MysqlIO.sqlQueryDirect(MysqlIO.java:1975)
	at com.mysql.jdbc.ConnectionImpl.execSQL(ConnectionImpl.java:2470)
	at com.mysql.jdbc.ConnectionImpl.execSQL(ConnectionImpl.java:2399)
	at com.mysql.jdbc.StatementImpl.executeQuery(StatementImpl.java:1218)
	at cn.com.emrs.impl.QueryActionImpl.doQuery(QueryActionImpl.java:69)
	at cn.com.emrs.ui.QueryUIFrame.actionPerformed(QueryUIFrame.java:195)
	at javax.swing.AbstractButton.fireActionPerformed(AbstractButton.java:1995)
	at javax.swing.AbstractButton$Handler.actionPerformed(AbstractButton.java:2318)
	at javax.swing.DefaultButtonModel.fireActionPerformed(DefaultButtonModel.java:387)
	at javax.swing.DefaultButtonModel.setPressed(DefaultButtonModel.java:242)
	at javax.swing.plaf.basic.BasicButtonListener.mouseReleased(BasicButtonListener.java:236)
	at java.awt.Component.processMouseEvent(Component.java:6038)
	at javax.swing.JComponent.processMouseEvent(JComponent.java:3260)
	at java.awt.Component.processEvent(Component.java:5803)
	at java.awt.Container.processEvent(Container.java:2058)
	at java.awt.Component.dispatchEventImpl(Component.java:4410)
	at java.awt.Container.dispatchEventImpl(Container.java:2116)
	at java.awt.Component.dispatchEvent(Component.java:4240)
	at java.awt.LightweightDispatcher.retargetMouseEvent(Container.java:4322)
	at java.awt.LightweightDispatcher.processMouseEvent(Container.java:3986)
	at java.awt.LightweightDispatcher.dispatchEvent(Container.java:3916)
	at java.awt.Container.dispatchEventImpl(Container.java:2102)
	at java.awt.Window.dispatchEventImpl(Window.java:2429)
	at java.awt.Component.dispatchEvent(Component.java:4240)
	at java.awt.EventQueue.dispatchEvent(EventQueue.java:599)
	at java.awt.EventDispatchThread.pumpOneEventForFilters(EventDispatchThread.java:273)
	at java.awt.EventDispatchThread.pumpEventsForFilter(EventDispatchThread.java:183)
	at java.awt.EventDispatchThread.pumpEventsForHierarchy(EventDispatchThread.java:173)
	at java.awt.EventDispatchThread.pumpEvents(EventDispatchThread.java:168)
	at java.awt.EventDispatchThread.pumpEvents(EventDispatchThread.java:160)
	at java.awt.EventDispatchThread.run(EventDispatchThread.java:121)
2013-12-03 10:38:49,820 INFO [cn.com.emrs.impl.QueryActionImpl] - Connection closed .
2013-12-03 10:39:50,490 INFO [cn.com.emrs.impl.QueryActionImpl] - Query connect succeess !
2013-12-03 10:39:50,492 INFO [cn.com.emrs.impl.QueryActionImpl] - Query failed : select * from em_record  union all select null as billcode, 总计  as billdate,null as ename, null as fixcontent, null as errorreason, null as partname, sum(partvalue) as partvalue, null as matrname, sum(matrcost) as matrcost, sum(opuvalue) as opuvalue, sum(electnum), sum(fitternum), sum(plumbernum), sum(cranum), sum(weldornum), null as starttime, sum(costtime), sum(cost), null as joiner, null as checker, null as bcut, null as bbetter, null as ts  from em_record 
2013-12-03 10:39:50,492 ERROR [cn.com.emrs.impl.QueryActionImpl] - QueryException :
com.mysql.jdbc.exceptions.jdbc4.MySQLSyntaxErrorException: Unknown column 'æ€»è®¡' in 'field list'
	at sun.reflect.NativeConstructorAccessorImpl.newInstance0(Native Method)
	at sun.reflect.NativeConstructorAccessorImpl.newInstance(NativeConstructorAccessorImpl.java:39)
	at sun.reflect.DelegatingConstructorAccessorImpl.newInstance(DelegatingConstructorAccessorImpl.java:27)
	at java.lang.reflect.Constructor.newInstance(Constructor.java:513)
	at com.mysql.jdbc.Util.handleNewInstance(Util.java:403)
	at com.mysql.jdbc.Util.getInstance(Util.java:378)
	at com.mysql.jdbc.SQLError.createSQLException(SQLError.java:1031)
	at com.mysql.jdbc.SQLError.createSQLException(SQLError.java:957)
	at com.mysql.jdbc.MysqlIO.checkErrorPacket(MysqlIO.java:3361)
	at com.mysql.jdbc.MysqlIO.checkErrorPacket(MysqlIO.java:3295)
	at com.mysql.jdbc.MysqlIO.sendCommand(MysqlIO.java:1852)
	at com.mysql.jdbc.MysqlIO.sqlQueryDirect(MysqlIO.java:1975)
	at com.mysql.jdbc.ConnectionImpl.execSQL(ConnectionImpl.java:2470)
	at com.mysql.jdbc.ConnectionImpl.execSQL(ConnectionImpl.java:2399)
	at com.mysql.jdbc.StatementImpl.executeQuery(StatementImpl.java:1218)
	at cn.com.emrs.impl.QueryActionImpl.doQuery(QueryActionImpl.java:69)
	at cn.com.emrs.ui.QueryUIFrame.actionPerformed(QueryUIFrame.java:195)
	at javax.swing.AbstractButton.fireActionPerformed(AbstractButton.java:1995)
	at javax.swing.AbstractButton$Handler.actionPerformed(AbstractButton.java:2318)
	at javax.swing.DefaultButtonModel.fireActionPerformed(DefaultButtonModel.java:387)
	at javax.swing.DefaultButtonModel.setPressed(DefaultButtonModel.java:242)
	at javax.swing.plaf.basic.BasicButtonListener.mouseReleased(BasicButtonListener.java:236)
	at java.awt.Component.processMouseEvent(Component.java:6038)
	at javax.swing.JComponent.processMouseEvent(JComponent.java:3260)
	at java.awt.Component.processEvent(Component.java:5803)
	at java.awt.Container.processEvent(Container.java:2058)
	at java.awt.Component.dispatchEventImpl(Component.java:4410)
	at java.awt.Container.dispatchEventImpl(Container.java:2116)
	at java.awt.Component.dispatchEvent(Component.java:4240)
	at java.awt.LightweightDispatcher.retargetMouseEvent(Container.java:4322)
	at java.awt.LightweightDispatcher.processMouseEvent(Container.java:3986)
	at java.awt.LightweightDispatcher.dispatchEvent(Container.java:3916)
	at java.awt.Container.dispatchEventImpl(Container.java:2102)
	at java.awt.Window.dispatchEventImpl(Window.java:2429)
	at java.awt.Component.dispatchEvent(Component.java:4240)
	at java.awt.EventQueue.dispatchEvent(EventQueue.java:599)
	at java.awt.EventDispatchThread.pumpOneEventForFilters(EventDispatchThread.java:273)
	at java.awt.EventDispatchThread.pumpEventsForFilter(EventDispatchThread.java:183)
	at java.awt.EventDispatchThread.pumpEventsForHierarchy(EventDispatchThread.java:173)
	at java.awt.EventDispatchThread.pumpEvents(EventDispatchThread.java:168)
	at java.awt.EventDispatchThread.pumpEvents(EventDispatchThread.java:160)
	at java.awt.EventDispatchThread.run(EventDispatchThread.java:121)
2013-12-03 10:39:50,493 INFO [cn.com.emrs.impl.QueryActionImpl] - Connection closed .
2013-12-03 10:40:27,356 INFO [cn.com.emrs.ui.QueryUIFrame] - Init queryUI...
2013-12-03 10:40:27,418 INFO [cn.com.emrs.ui.QueryUIFrame] - QueryUI init successful !
2013-12-03 10:40:28,607 INFO [cn.com.emrs.impl.QueryActionImpl] - Query connect succeess !
2013-12-03 10:40:28,619 INFO [cn.com.emrs.impl.QueryActionImpl] - Connection closed .
2013-12-03 10:41:24,355 INFO [cn.com.emrs.ui.QueryUIFrame] - Init queryUI...
2013-12-03 10:41:24,416 INFO [cn.com.emrs.ui.QueryUIFrame] - QueryUI init successful !
2013-12-03 10:41:25,599 INFO [cn.com.emrs.impl.QueryActionImpl] - Query connect succeess !
2013-12-03 10:41:25,611 INFO [cn.com.emrs.impl.QueryActionImpl] - Connection closed .
2013-12-03 10:41:44,079 INFO [cn.com.emrs.ui.QueryUIFrame] - Init queryUI...
2013-12-03 10:41:44,139 INFO [cn.com.emrs.ui.QueryUIFrame] - QueryUI init successful !
2013-12-03 10:41:46,093 INFO [cn.com.emrs.impl.QueryActionImpl] - Query connect succeess !
2013-12-03 10:41:46,104 INFO [cn.com.emrs.impl.QueryActionImpl] - Connection closed .
2013-12-03 11:22:32,053 INFO [cn.com.emrs.ui.QueryUIFrame] - Init queryUI...
2013-12-03 11:22:32,136 INFO [cn.com.emrs.ui.QueryUIFrame] - QueryUI init successful !
2013-12-03 11:22:33,695 INFO [cn.com.emrs.impl.QueryActionImpl] - Query connect succeess !
2013-12-03 11:22:33,708 INFO [cn.com.emrs.impl.QueryActionImpl] - Connection closed .
2013-12-03 11:24:56,108 INFO [cn.com.emrs.ui.QueryUIFrame] - Init queryUI...
2013-12-03 11:24:56,175 INFO [cn.com.emrs.ui.QueryUIFrame] - QueryUI init successful !
2013-12-03 11:25:17,034 INFO [cn.com.emrs.impl.QueryActionImpl] - Query connect succeess !
2013-12-03 11:25:17,046 INFO [cn.com.emrs.impl.QueryActionImpl] - Connection closed .
2013-12-03 11:26:42,645 INFO [cn.com.emrs.ui.QueryUIFrame] - Init queryUI...
2013-12-03 11:26:42,715 INFO [cn.com.emrs.ui.QueryUIFrame] - QueryUI init successful !
2013-12-03 11:26:53,508 INFO [cn.com.emrs.impl.QueryActionImpl] - Query connect succeess !
2013-12-03 11:26:53,520 INFO [cn.com.emrs.impl.QueryActionImpl] - Connection closed .
2013-12-03 11:28:19,052 INFO [cn.com.emrs.impl.QueryActionImpl] - Query connect succeess !
2013-12-03 11:28:19,060 INFO [cn.com.emrs.impl.QueryActionImpl] - Connection closed .
2013-12-03 11:42:17,110 INFO [cn.com.emrs.ui.QueryUIFrame] - Init queryUI...
2013-12-03 11:42:17,171 INFO [cn.com.emrs.ui.QueryUIFrame] - QueryUI init successful !
2013-12-03 11:42:18,324 INFO [cn.com.emrs.impl.QueryActionImpl] - Query connect succeess !
2013-12-03 11:42:18,337 INFO [cn.com.emrs.impl.QueryActionImpl] - Connection closed .
2013-12-03 11:47:51,722 INFO [cn.com.emrs.ui.QueryUIFrame] - Init queryUI...
2013-12-03 11:47:51,796 INFO [cn.com.emrs.ui.QueryUIFrame] - QueryUI init successful !
2013-12-03 11:47:53,301 INFO [cn.com.emrs.impl.QueryActionImpl] - Query connect succeess !
2013-12-03 11:47:53,309 INFO [cn.com.emrs.impl.QueryActionImpl] - Connection closed .
2013-12-03 11:50:37,981 INFO [cn.com.emrs.ui.QueryUIFrame] - Init queryUI...
2013-12-03 11:50:38,042 INFO [cn.com.emrs.ui.QueryUIFrame] - QueryUI init successful !
2013-12-03 11:50:39,697 INFO [cn.com.emrs.impl.QueryActionImpl] - Query connect succeess !
2013-12-03 11:50:39,704 INFO [cn.com.emrs.impl.QueryActionImpl] - Connection closed .
2013-12-03 11:51:01,233 INFO [cn.com.emrs.impl.QueryActionImpl] - Query connect succeess !
2013-12-03 11:51:01,237 INFO [cn.com.emrs.impl.QueryActionImpl] - Connection closed .
2013-12-03 11:51:22,938 INFO [cn.com.emrs.ui.QueryUIFrame] - Init queryUI...
2013-12-03 11:51:23,000 INFO [cn.com.emrs.ui.QueryUIFrame] - QueryUI init successful !
2013-12-03 11:51:24,549 INFO [cn.com.emrs.impl.QueryActionImpl] - Query connect succeess !
2013-12-03 11:51:24,561 INFO [cn.com.emrs.impl.QueryActionImpl] - Connection closed .
2013-12-03 14:55:55,165 INFO [cn.com.emrs.ui.QueryUIFrame] - Init queryUI...
2013-12-03 14:55:55,227 INFO [cn.com.emrs.ui.QueryUIFrame] - QueryUI init successful !
2013-12-03 14:55:57,047 INFO [cn.com.emrs.impl.QueryActionImpl] - Query connect succeess !
2013-12-03 14:55:57,072 INFO [cn.com.emrs.impl.QueryActionImpl] - Query failed : select * from em_record order by billdate desc  union all select null as billcode, '总计'  as billdate,ename, null as fixcontent, null as errorreason, null as partname, sum(partvalue) as partvalue, null as matrname, sum(matrcost) as matrcost, sum(opuvalue) as opuvalue, sum(electnum), sum(fitternum), sum(plumbernum), sum(cranum), sum(weldornum), null as starttime, sum(costtime), sum(cost), null as joiner, null as checker, null as bcut, null as bbetter, null as ts  from em_record  order by billdate desc 
2013-12-03 14:55:57,074 ERROR [cn.com.emrs.impl.QueryActionImpl] - QueryException :
java.sql.SQLException: Incorrect usage of UNION and ORDER BY
	at com.mysql.jdbc.SQLError.createSQLException(SQLError.java:1056)
	at com.mysql.jdbc.SQLError.createSQLException(SQLError.java:957)
	at com.mysql.jdbc.MysqlIO.checkErrorPacket(MysqlIO.java:3361)
	at com.mysql.jdbc.MysqlIO.checkErrorPacket(MysqlIO.java:3295)
	at com.mysql.jdbc.MysqlIO.sendCommand(MysqlIO.java:1852)
	at com.mysql.jdbc.MysqlIO.sqlQueryDirect(MysqlIO.java:1975)
	at com.mysql.jdbc.ConnectionImpl.execSQL(ConnectionImpl.java:2470)
	at com.mysql.jdbc.ConnectionImpl.execSQL(ConnectionImpl.java:2399)
	at com.mysql.jdbc.StatementImpl.executeQuery(StatementImpl.java:1218)
	at cn.com.emrs.impl.QueryActionImpl.doQuery(QueryActionImpl.java:70)
	at cn.com.emrs.ui.QueryUIFrame.actionPerformed(QueryUIFrame.java:196)
	at javax.swing.AbstractButton.fireActionPerformed(AbstractButton.java:1995)
	at javax.swing.AbstractButton$Handler.actionPerformed(AbstractButton.java:2318)
	at javax.swing.DefaultButtonModel.fireActionPerformed(DefaultButtonModel.java:387)
	at javax.swing.DefaultButtonModel.setPressed(DefaultButtonModel.java:242)
	at javax.swing.plaf.basic.BasicButtonListener.mouseReleased(BasicButtonListener.java:236)
	at java.awt.Component.processMouseEvent(Component.java:6038)
	at javax.swing.JComponent.processMouseEvent(JComponent.java:3260)
	at java.awt.Component.processEvent(Component.java:5803)
	at java.awt.Container.processEvent(Container.java:2058)
	at java.awt.Component.dispatchEventImpl(Component.java:4410)
	at java.awt.Container.dispatchEventImpl(Container.java:2116)
	at java.awt.Component.dispatchEvent(Component.java:4240)
	at java.awt.LightweightDispatcher.retargetMouseEvent(Container.java:4322)
	at java.awt.LightweightDispatcher.processMouseEvent(Container.java:3986)
	at java.awt.LightweightDispatcher.dispatchEvent(Container.java:3916)
	at java.awt.Container.dispatchEventImpl(Container.java:2102)
	at java.awt.Window.dispatchEventImpl(Window.java:2429)
	at java.awt.Component.dispatchEvent(Component.java:4240)
	at java.awt.EventQueue.dispatchEvent(EventQueue.java:599)
	at java.awt.EventDispatchThread.pumpOneEventForFilters(EventDispatchThread.java:273)
	at java.awt.EventDispatchThread.pumpEventsForFilter(EventDispatchThread.java:183)
	at java.awt.EventDispatchThread.pumpEventsForHierarchy(EventDispatchThread.java:173)
	at java.awt.EventDispatchThread.pumpEvents(EventDispatchThread.java:168)
	at java.awt.EventDispatchThread.pumpEvents(EventDispatchThread.java:160)
	at java.awt.EventDispatchThread.run(EventDispatchThread.java:121)
2013-12-03 14:55:57,077 INFO [cn.com.emrs.impl.QueryActionImpl] - Connection closed .
2013-12-03 14:59:18,707 INFO [cn.com.emrs.ui.QueryUIFrame] - Init queryUI...
2013-12-03 14:59:18,768 INFO [cn.com.emrs.ui.QueryUIFrame] - QueryUI init successful !
2013-12-03 14:59:19,968 INFO [cn.com.emrs.impl.QueryActionImpl] - Query connect succeess !
2013-12-03 14:59:19,969 INFO [cn.com.emrs.impl.QueryActionImpl] - Query failed : select * from (select * from em_record  union all select null as billcode, '总计'  as billdate,ename, null as fixcontent, null as errorreason, null as partname, sum(partvalue) as partvalue, null as matrname, sum(matrcost) as matrcost, sum(opuvalue) as opuvalue, sum(electnum), sum(fitternum), sum(plumbernum), sum(cranum), sum(weldornum), null as starttime, sum(costtime), sum(cost), null as joiner, null as checker, null as bcut, null as bbetter, null as ts  from em_record  )  order by billdate desc 
2013-12-03 14:59:19,971 ERROR [cn.com.emrs.impl.QueryActionImpl] - QueryException :
com.mysql.jdbc.exceptions.jdbc4.MySQLSyntaxErrorException: Every derived table must have its own alias
	at sun.reflect.NativeConstructorAccessorImpl.newInstance0(Native Method)
	at sun.reflect.NativeConstructorAccessorImpl.newInstance(NativeConstructorAccessorImpl.java:39)
	at sun.reflect.DelegatingConstructorAccessorImpl.newInstance(DelegatingConstructorAccessorImpl.java:27)
	at java.lang.reflect.Constructor.newInstance(Constructor.java:513)
	at com.mysql.jdbc.Util.handleNewInstance(Util.java:403)
	at com.mysql.jdbc.Util.getInstance(Util.java:378)
	at com.mysql.jdbc.SQLError.createSQLException(SQLError.java:1031)
	at com.mysql.jdbc.SQLError.createSQLException(SQLError.java:957)
	at com.mysql.jdbc.MysqlIO.checkErrorPacket(MysqlIO.java:3361)
	at com.mysql.jdbc.MysqlIO.checkErrorPacket(MysqlIO.java:3295)
	at com.mysql.jdbc.MysqlIO.sendCommand(MysqlIO.java:1852)
	at com.mysql.jdbc.MysqlIO.sqlQueryDirect(MysqlIO.java:1975)
	at com.mysql.jdbc.ConnectionImpl.execSQL(ConnectionImpl.java:2470)
	at com.mysql.jdbc.ConnectionImpl.execSQL(ConnectionImpl.java:2399)
	at com.mysql.jdbc.StatementImpl.executeQuery(StatementImpl.java:1218)
	at cn.com.emrs.impl.QueryActionImpl.doQuery(QueryActionImpl.java:71)
	at cn.com.emrs.ui.QueryUIFrame.actionPerformed(QueryUIFrame.java:196)
	at javax.swing.AbstractButton.fireActionPerformed(AbstractButton.java:1995)
	at javax.swing.AbstractButton$Handler.actionPerformed(AbstractButton.java:2318)
	at javax.swing.DefaultButtonModel.fireActionPerformed(DefaultButtonModel.java:387)
	at javax.swing.DefaultButtonModel.setPressed(DefaultButtonModel.java:242)
	at javax.swing.plaf.basic.BasicButtonListener.mouseReleased(BasicButtonListener.java:236)
	at java.awt.Component.processMouseEvent(Component.java:6038)
	at javax.swing.JComponent.processMouseEvent(JComponent.java:3260)
	at java.awt.Component.processEvent(Component.java:5803)
	at java.awt.Container.processEvent(Container.java:2058)
	at java.awt.Component.dispatchEventImpl(Component.java:4410)
	at java.awt.Container.dispatchEventImpl(Container.java:2116)
	at java.awt.Component.dispatchEvent(Component.java:4240)
	at java.awt.LightweightDispatcher.retargetMouseEvent(Container.java:4322)
	at java.awt.LightweightDispatcher.processMouseEvent(Container.java:3986)
	at java.awt.LightweightDispatcher.dispatchEvent(Container.java:3916)
	at java.awt.Container.dispatchEventImpl(Container.java:2102)
	at java.awt.Window.dispatchEventImpl(Window.java:2429)
	at java.awt.Component.dispatchEvent(Component.java:4240)
	at java.awt.EventQueue.dispatchEvent(EventQueue.java:599)
	at java.awt.EventDispatchThread.pumpOneEventForFilters(EventDispatchThread.java:273)
	at java.awt.EventDispatchThread.pumpEventsForFilter(EventDispatchThread.java:183)
	at java.awt.EventDispatchThread.pumpEventsForHierarchy(EventDispatchThread.java:173)
	at java.awt.EventDispatchThread.pumpEvents(EventDispatchThread.java:168)
	at java.awt.EventDispatchThread.pumpEvents(EventDispatchThread.java:160)
	at java.awt.EventDispatchThread.run(EventDispatchThread.java:121)
2013-12-03 14:59:19,974 INFO [cn.com.emrs.impl.QueryActionImpl] - Connection closed .
2013-12-03 15:02:30,915 INFO [cn.com.emrs.ui.QueryUIFrame] - Init queryUI...
2013-12-03 15:02:30,979 INFO [cn.com.emrs.ui.QueryUIFrame] - QueryUI init successful !
2013-12-03 15:02:32,158 INFO [cn.com.emrs.impl.QueryActionImpl] - Query connect succeess !
2013-12-03 15:02:32,181 INFO [cn.com.emrs.impl.QueryActionImpl] - Connection closed .
2013-12-03 15:21:24,635 INFO [cn.com.emrs.ui.QueryUIFrame] - Init queryUI...
2013-12-03 15:21:24,715 INFO [cn.com.emrs.ui.QueryUIFrame] - QueryUI init successful !
2013-12-03 15:21:32,758 INFO [cn.com.emrs.impl.QueryActionImpl] - Query connect succeess !
2013-12-03 15:21:32,772 INFO [cn.com.emrs.impl.QueryActionImpl] - Connection closed .
2013-12-03 15:29:53,524 INFO [cn.com.emrs.ui.QueryUIFrame] - Init queryUI...
2013-12-03 15:29:53,586 INFO [cn.com.emrs.ui.QueryUIFrame] - QueryUI init successful !
2013-12-03 15:29:54,861 INFO [cn.com.emrs.impl.QueryActionImpl] - Query connect succeess !
2013-12-03 15:29:54,875 INFO [cn.com.emrs.impl.QueryActionImpl] - Connection closed .
2013-12-03 15:30:42,982 INFO [cn.com.emrs.ui.QueryUIFrame] - Init queryUI...
2013-12-03 15:30:43,043 INFO [cn.com.emrs.ui.QueryUIFrame] - QueryUI init successful !
2013-12-03 15:30:44,203 INFO [cn.com.emrs.impl.QueryActionImpl] - Query connect succeess !
2013-12-03 15:30:44,242 INFO [cn.com.emrs.impl.QueryActionImpl] - Connection closed .
2013-12-03 15:32:14,971 INFO [cn.com.emrs.impl.QueryActionImpl] - Query connect succeess !
2013-12-03 15:32:14,977 INFO [cn.com.emrs.impl.QueryActionImpl] - Connection closed .
2013-12-03 15:32:41,319 INFO [cn.com.emrs.impl.QueryActionImpl] - Query connect succeess !
2013-12-03 15:32:41,325 INFO [cn.com.emrs.impl.QueryActionImpl] - Connection closed .
2013-12-03 15:33:25,479 INFO [cn.com.emrs.impl.QueryActionImpl] - Query connect succeess !
2013-12-03 15:33:25,486 INFO [cn.com.emrs.impl.QueryActionImpl] - Connection closed .
2013-12-03 15:33:38,752 INFO [cn.com.emrs.impl.QueryActionImpl] - Query connect succeess !
2013-12-03 15:33:38,758 INFO [cn.com.emrs.impl.QueryActionImpl] - Connection closed .
2013-12-03 15:33:44,167 INFO [cn.com.emrs.impl.QueryActionImpl] - Query connect succeess !
2013-12-03 15:33:44,173 INFO [cn.com.emrs.impl.QueryActionImpl] - Connection closed .
2013-12-03 15:33:58,598 INFO [cn.com.emrs.impl.QueryActionImpl] - Query connect succeess !
2013-12-03 15:33:58,604 INFO [cn.com.emrs.impl.QueryActionImpl] - Connection closed .
2013-12-03 16:01:35,768 INFO [cn.com.emrs.impl.QueryActionImpl] - Query connect succeess !
2013-12-03 16:01:35,777 INFO [cn.com.emrs.impl.QueryActionImpl] - Connection closed .
2013-12-03 16:03:30,099 INFO [cn.com.emrs.ui.QueryUIFrame] - Init queryUI...
2013-12-03 16:03:30,162 INFO [cn.com.emrs.ui.QueryUIFrame] - QueryUI init successful !
2013-12-03 16:03:31,566 INFO [cn.com.emrs.impl.QueryActionImpl] - Query connect succeess !
2013-12-03 16:03:31,581 INFO [cn.com.emrs.impl.QueryActionImpl] - Connection closed .
2013-12-03 16:05:38,596 INFO [cn.com.emrs.ui.AddUIFrame] - Init UI ...
2013-12-03 16:05:38,752 INFO [cn.com.emrs.ui.AddUIFrame] - UI init successful !
2013-12-03 16:58:35,271 INFO [cn.com.emrs.ui.AddUIFrame] - Saving datas...
2013-12-03 16:58:35,302 INFO [cn.com.emrs.impl.SaveActionImpl] - Insert action starting ...
2013-12-03 16:58:35,533 INFO [cn.com.emrs.impl.SaveActionImpl] - Save action success ! save 1 rows datas
2013-12-03 16:58:35,534 INFO [cn.com.emrs.impl.SaveActionImpl] - Connection closed successful !
2013-12-03 16:58:40,890 INFO [cn.com.emrs.ui.QueryUIFrame] - Init queryUI...
2013-12-03 16:58:40,918 INFO [cn.com.emrs.ui.QueryUIFrame] - QueryUI init successful !
2013-12-03 16:58:42,265 INFO [cn.com.emrs.impl.QueryActionImpl] - Query connect succeess !
2013-12-03 16:58:42,274 INFO [cn.com.emrs.impl.QueryActionImpl] - Connection closed .
2013-12-04 13:31:01,651 INFO [cn.com.emrs.ui.QueryUIFrame] - Init queryUI...
2013-12-04 13:31:01,794 INFO [cn.com.emrs.ui.QueryUIFrame] - QueryUI init successful !
2013-12-04 13:31:04,274 INFO [cn.com.emrs.ui.AddUIFrame] - Init UI ...
2013-12-04 13:31:04,479 INFO [cn.com.emrs.ui.AddUIFrame] - UI init successful !
2013-12-04 13:35:11,175 INFO [cn.com.emrs.ui.AddUIFrame] - Init UI ...
2013-12-04 13:35:11,255 INFO [cn.com.emrs.ui.AddUIFrame] - UI init successful !
2013-12-04 15:11:42,614 INFO [cn.com.emrs.ui.AddUIFrame] - Init UI ...
2013-12-04 15:11:42,694 INFO [cn.com.emrs.ui.AddUIFrame] - UI init successful !
2013-12-04 15:12:10,620 INFO [cn.com.emrs.ui.AddUIFrame] - Init UI ...
2013-12-04 15:12:10,700 INFO [cn.com.emrs.ui.AddUIFrame] - UI init successful !
2013-12-04 15:12:13,477 INFO [cn.com.emrs.ui.QueryUIFrame] - Init queryUI...
2013-12-04 15:12:13,526 INFO [cn.com.emrs.ui.QueryUIFrame] - QueryUI init successful !
2014-08-11 21:01:30,491 INFO [cn.com.emrs.ui.AddUIFrame] - Init UI ...
2014-08-11 21:01:30,844 INFO [cn.com.emrs.ui.AddUIFrame] - UI init successful !
